/home/runner/work/ipsec/ipsec/input/ipsec.xml:253:13: error: element "usecases" not allowed anywhere; expected the element end-tag, text, element "_", "assignable", "choice", "componentsneeded", "ctr", "depends", "equation", "figure", "no-link", "refinement", "section", "selectables", "snip", "testlist" or "xref" or an element from another namespace
/home/runner/work/ipsec/ipsec/input/ipsec.xml:258:19: error: element "usecases" not allowed anywhere; expected the element end-tag, text, element "_", "assignable", "choice", "componentsneeded", "ctr", "depends", "equation", "figure", "no-link", "refinement", "section", "selectables", "snip", "testlist" or "xref" or an element from another namespace
/home/runner/work/ipsec/ipsec/input/ipsec.xml:260:42: error: element "usecases" not allowed anywhere; expected the element end-tag, text, element "_", "assignable", "choice", "componentsneeded", "ctr", "depends", "equation", "figure", "no-link", "refinement", "section", "selectables", "snip", "testlist" or "xref" or an element from another namespace
/home/runner/work/ipsec/ipsec/input/ipsec.xml:272:19: error: element "usecases" not allowed anywhere; expected the element end-tag, text, element "_", "assignable", "choice", "componentsneeded", "ctr", "depends", "equation", "figure", "no-link", "refinement", "section", "selectables", "snip", "testlist" or "xref" or an element from another namespace
/home/runner/work/ipsec/ipsec/input/ipsec.xml:274:40: error: element "usecases" not allowed anywhere; expected the element end-tag, text, element "_", "assignable", "choice", "componentsneeded", "ctr", "depends", "equation", "figure", "no-link", "refinement", "section", "selectables", "snip", "testlist" or "xref" or an element from another namespace
/home/runner/work/ipsec/ipsec/input/ipsec.xml:281:19: error: element "usecases" not allowed anywhere; expected the element end-tag, text, element "_", "assignable", "choice", "componentsneeded", "ctr", "depends", "equation", "figure", "no-link", "refinement", "section", "selectables", "snip", "testlist" or "xref" or an element from another namespace
/home/runner/work/ipsec/ipsec/input/ipsec.xml:283:40: error: element "usecases" not allowed anywhere; expected the element end-tag, text, element "_", "assignable", "choice", "componentsneeded", "ctr", "depends", "equation", "figure", "no-link", "refinement", "section", "selectables", "snip", "testlist" or "xref" or an element from another namespace
/home/runner/work/ipsec/ipsec/input/ipsec.xml:290:19: error: element "usecases" not allowed anywhere; expected the element end-tag, text, element "_", "assignable", "choice", "componentsneeded", "ctr", "depends", "equation", "figure", "no-link", "refinement", "section", "selectables", "snip", "testlist" or "xref" or an element from another namespace
/home/runner/work/ipsec/ipsec/input/ipsec.xml:292:40: error: element "usecases" not allowed anywhere; expected the element end-tag, text, element "_", "assignable", "choice", "componentsneeded", "ctr", "depends", "equation", "figure", "no-link", "refinement", "section", "selectables", "snip", "testlist" or "xref" or an element from another namespace
